<?xml version="1.0" encoding="UTF-8"?>
<!-- Generated by org.testng.reporters.JUnitReportReporter -->
<testsuite hostname="AVERIL" failures="0" tests="1" name="graceboutiquetests.GraceBoutiqueTest" time="19.423" errors="0" timestamp="2024-12-19T00:54:33 IST" skipped="0">
  <testcase classname="graceboutiquetests.GraceBoutiqueTest" name="GBTest" time="19.423"/>
  <system-out/>
</testsuite> <!-- graceboutiquetests.GraceBoutiqueTest -->
